  [1m[35m (796.4ms)[0m  [1m[35mCREATE DATABASE "wildlife_tracker_development" ENCODING = 'unicode'[0m
  [1m[35m (339.4ms)[0m  [1m[35mCREATE DATABASE "wildlife_tracker_test" ENCODING = 'unicode'[0m
Started GET "/" for ::1 at 2021-08-12 14:20:10 -0700
Processing by Rails::WelcomeController#index as HTML
  Rendering /Users/learnacademy/.rvm/gems/ruby-3.0.0/gems/railties-6.1.4/lib/rails/templates/rails/welcome/index.html.erb
  Rendered /Users/learnacademy/.rvm/gems/ruby-3.0.0/gems/railties-6.1.4/lib/rails/templates/rails/welcome/index.html.erb (Duration: 15.4ms | Allocations: 522)
Completed 200 OK in 65ms (Views: 34.2ms | ActiveRecord: 0.0ms | Allocations: 4215)


Started GET "/" for ::1 at 2021-08-12 14:20:11 -0700
Processing by Rails::WelcomeController#index as HTML
  Rendering /Users/learnacademy/.rvm/gems/ruby-3.0.0/gems/railties-6.1.4/lib/rails/templates/rails/welcome/index.html.erb
  Rendered /Users/learnacademy/.rvm/gems/ruby-3.0.0/gems/railties-6.1.4/lib/rails/templates/rails/welcome/index.html.erb (Duration: 7.7ms | Allocations: 222)
Completed 200 OK in 18ms (Views: 10.2ms | ActiveRecord: 0.0ms | Allocations: 977)


  [1m[35m (62.7ms)[0m  [1m[35mCREATE TABLE "schema_migrations" ("version" character varying NOT NULL PRIMARY KEY)[0m
  [1m[35m (7.7ms)[0m  [1m[35mCREATE TABLE "ar_internal_metadata" ("key" character varying NOT NULL PRIMARY KEY, "value" character varying, "created_at" timestamp(6) NOT NULL, "updated_at" timestamp(6) NOT NULL)[0m
  [1m[35m (0.3ms)[0m  [1m[34mSELECT pg_try_advisory_lock(1402211514546441060)[0m
  [1m[35m (1.5ms)[0m  [1m[34mSELECT "schema_migrations"."version" FROM "schema_migrations" ORDER BY "schema_migrations"."version" ASC[0m
Migrating to CreateAnimals (20210812213707)
  [1m[36mTRANSACTION (10.8ms)[0m  [1m[35mBEGIN[0m
  [1m[35m (9.9ms)[0m  [1m[35mCREATE TABLE "animals" ("id" bigserial primary key, "common_name" character varying, "latin_name" character varying, "kingdom" character varying, "created_at" timestamp(6) NOT NULL, "updated_at" timestamp(6) NOT NULL)[0m
  [1m[36mActiveRecord::SchemaMigration Create (24.3ms)[0m  [1m[32mINSERT INTO "schema_migrations" ("version") VALUES ($1) RETURNING "version"[0m  [["version", "20210812213707"]]
  [1m[36mTRANSACTION (0.7ms)[0m  [1m[35mCOMMIT[0m
  [1m[36mActiveRecord::InternalMetadata Load (1.3ms)[0m  [1m[34mSELECT "ar_internal_metadata".* FROM "ar_internal_metadata" WHERE "ar_internal_metadata"."key" = $1 LIMIT $2[0m  [["key", "environment"], ["LIMIT", 1]]
  [1m[36mTRANSACTION (22.9ms)[0m  [1m[35mBEGIN[0m
  [1m[36mActiveRecord::InternalMetadata Create (9.3ms)[0m  [1m[32mINSERT INTO "ar_internal_metadata" ("key", "value", "created_at", "updated_at") VALUES ($1, $2, $3, $4) RETURNING "key"[0m  [["key", "environment"], ["value", "development"], ["created_at", "2021-08-12 21:38:07.321058"], ["updated_at", "2021-08-12 21:38:07.321058"]]
  [1m[36mTRANSACTION (0.6ms)[0m  [1m[35mCOMMIT[0m
  [1m[35m (0.5ms)[0m  [1m[34mSELECT pg_advisory_unlock(1402211514546441060)[0m
  [1m[35m (2.0ms)[0m  [1m[34mSELECT "schema_migrations"."version" FROM "schema_migrations" ORDER BY "schema_migrations"."version" ASC[0m
  [1m[36mTRANSACTION (0.2ms)[0m  [1m[35mBEGIN[0m
  [1m[36mAnimal Create (32.3ms)[0m  [1m[32mINSERT INTO "animals" ("common_name", "latin_name", "kingdom", "created_at", "updated_at") VALUES ($1, $2, $3, $4, $5) RETURNING "id"[0m  [["common_name", "dog"], ["latin_name", "Canis lupus familiaris"], ["kingdom", "Animal"], ["created_at", "2021-08-12 21:56:45.491145"], ["updated_at", "2021-08-12 21:56:45.491145"]]
  [1m[36mTRANSACTION (4.9ms)[0m  [1m[35mCOMMIT[0m
  [1m[36mTRANSACTION (0.2ms)[0m  [1m[35mBEGIN[0m
  [1m[36mAnimal Create (0.5ms)[0m  [1m[32mINSERT INTO "animals" ("common_name", "latin_name", "kingdom", "created_at", "updated_at") VALUES ($1, $2, $3, $4, $5) RETURNING "id"[0m  [["common_name", "Honey Badger"], ["latin_name", "Mellivora capensis"], ["kingdom", "Animalia"], ["created_at", "2021-08-12 21:57:58.748600"], ["updated_at", "2021-08-12 21:57:58.748600"]]
  [1m[36mTRANSACTION (25.3ms)[0m  [1m[35mCOMMIT[0m
Started GET "/" for ::1 at 2021-08-12 15:20:14 -0700
  [1m[35m (2.6ms)[0m  [1m[34mSELECT "schema_migrations"."version" FROM "schema_migrations" ORDER BY "schema_migrations"."version" ASC[0m
  
ActiveRecord::PendingMigrationError (

Migrations are pending. To resolve this issue, run:

        bin/rails db:migrate RAILS_ENV=development

You have 0 pending migration:



):
  
activerecord (6.1.4) lib/active_record/migration.rb:625:in `check_pending!'
activerecord (6.1.4) lib/active_record/migration.rb:590:in `block (2 levels) in call'
activesupport (6.1.4) lib/active_support/evented_file_update_checker.rb:59:in `execute'
activesupport (6.1.4) lib/active_support/evented_file_update_checker.rb:65:in `execute_if_updated'
activerecord (6.1.4) lib/active_record/migration.rb:597:in `block in call'
activerecord (6.1.4) lib/active_record/migration.rb:587:in `synchronize'
activerecord (6.1.4) lib/active_record/migration.rb:587:in `call'
actionpack (6.1.4) lib/action_dispatch/middleware/callbacks.rb:27:in `block in call'
activesupport (6.1.4) lib/active_support/callbacks.rb:98:in `run_callbacks'
actionpack (6.1.4) lib/action_dispatch/middleware/callbacks.rb:26:in `call'
actionpack (6.1.4) lib/action_dispatch/middleware/executor.rb:14:in `call'
actionpack (6.1.4) lib/action_dispatch/middleware/actionable_exceptions.rb:18:in `call'
actionpack (6.1.4) lib/action_dispatch/middleware/debug_exceptions.rb:29:in `call'
web-console (4.1.0) lib/web_console/middleware.rb:132:in `call_app'
web-console (4.1.0) lib/web_console/middleware.rb:28:in `block in call'
web-console (4.1.0) lib/web_console/middleware.rb:17:in `catch'
web-console (4.1.0) lib/web_console/middleware.rb:17:in `call'
actionpack (6.1.4) lib/action_dispatch/middleware/show_exceptions.rb:33:in `call'
railties (6.1.4) lib/rails/rack/logger.rb:37:in `call_app'
railties (6.1.4) lib/rails/rack/logger.rb:26:in `block in call'
activesupport (6.1.4) lib/active_support/tagged_logging.rb:99:in `block in tagged'
activesupport (6.1.4) lib/active_support/tagged_logging.rb:37:in `tagged'
activesupport (6.1.4) lib/active_support/tagged_logging.rb:99:in `tagged'
railties (6.1.4) lib/rails/rack/logger.rb:26:in `call'
sprockets-rails (3.2.2) lib/sprockets/rails/quiet_assets.rb:13:in `call'
actionpack (6.1.4) lib/action_dispatch/middleware/remote_ip.rb:81:in `call'
actionpack (6.1.4) lib/action_dispatch/middleware/request_id.rb:26:in `call'
rack (2.2.3) lib/rack/method_override.rb:24:in `call'
rack (2.2.3) lib/rack/runtime.rb:22:in `call'
activesupport (6.1.4) lib/active_support/cache/strategy/local_cache_middleware.rb:29:in `call'
actionpack (6.1.4) lib/action_dispatch/middleware/executor.rb:14:in `call'
actionpack (6.1.4) lib/action_dispatch/middleware/static.rb:24:in `call'
rack (2.2.3) lib/rack/sendfile.rb:110:in `call'
actionpack (6.1.4) lib/action_dispatch/middleware/host_authorization.rb:98:in `call'
rack-mini-profiler (2.3.2) lib/mini_profiler/profiler.rb:384:in `call'
webpacker (5.4.0) lib/webpacker/dev_server_proxy.rb:25:in `perform_request'
rack-proxy (0.7.0) lib/rack/proxy.rb:63:in `call'
railties (6.1.4) lib/rails/engine.rb:539:in `call'
puma (5.4.0) lib/puma/configuration.rb:249:in `call'
puma (5.4.0) lib/puma/request.rb:77:in `block in handle_request'
puma (5.4.0) lib/puma/thread_pool.rb:340:in `with_force_shutdown'
puma (5.4.0) lib/puma/request.rb:76:in `handle_request'
puma (5.4.0) lib/puma/server.rb:440:in `process_client'
puma (5.4.0) lib/puma/thread_pool.rb:147:in `block in spawn_thread'
  [1m[35m (0.4ms)[0m  [1m[34mSELECT pg_try_advisory_lock(1402211514546441060)[0m
  [1m[35m (1.1ms)[0m  [1m[34mSELECT "schema_migrations"."version" FROM "schema_migrations" ORDER BY "schema_migrations"."version" ASC[0m
  [1m[36mActiveRecord::InternalMetadata Load (0.7ms)[0m  [1m[34mSELECT "ar_internal_metadata".* FROM "ar_internal_metadata" WHERE "ar_internal_metadata"."key" = $1 LIMIT $2[0m  [["key", "environment"], ["LIMIT", 1]]
  [1m[35m (19.8ms)[0m  [1m[34mSELECT pg_advisory_unlock(1402211514546441060)[0m
  [1m[35m (1.1ms)[0m  [1m[34mSELECT "schema_migrations"."version" FROM "schema_migrations" ORDER BY "schema_migrations"."version" ASC[0m
Started GET "/" for ::1 at 2021-08-12 15:20:36 -0700
  [1m[35m (1.0ms)[0m  [1m[34mSELECT "schema_migrations"."version" FROM "schema_migrations" ORDER BY "schema_migrations"."version" ASC[0m
Processing by Rails::WelcomeController#index as HTML
  Rendering /Users/learnacademy/.rvm/gems/ruby-3.0.0/gems/railties-6.1.4/lib/rails/templates/rails/welcome/index.html.erb
  Rendered /Users/learnacademy/.rvm/gems/ruby-3.0.0/gems/railties-6.1.4/lib/rails/templates/rails/welcome/index.html.erb (Duration: 11.4ms | Allocations: 218)
Completed 200 OK in 16ms (Views: 13.1ms | ActiveRecord: 0.0ms | Allocations: 946)


Started GET "/" for ::1 at 2021-08-12 15:20:38 -0700
Processing by Rails::WelcomeController#index as HTML
  Rendering /Users/learnacademy/.rvm/gems/ruby-3.0.0/gems/railties-6.1.4/lib/rails/templates/rails/welcome/index.html.erb
  Rendered /Users/learnacademy/.rvm/gems/ruby-3.0.0/gems/railties-6.1.4/lib/rails/templates/rails/welcome/index.html.erb (Duration: 0.7ms | Allocations: 46)
Completed 200 OK in 3ms (Views: 1.8ms | ActiveRecord: 0.0ms | Allocations: 411)


Started GET "/index" for ::1 at 2021-08-12 15:20:41 -0700
Processing by AnimalController#index as HTML
  Rendering layout layouts/application.html.erb
  Rendering animal/index.html.erb within layouts/application
  Rendered animal/index.html.erb within layouts/application (Duration: 5.2ms | Allocations: 1590)
  Rendered layout layouts/application.html.erb (Duration: 5.9ms | Allocations: 1660)
Completed 500 Internal Server Error in 17ms (ActiveRecord: 0.0ms | Allocations: 3304)


  
ActionView::Template::Error (undefined method `each' for nil:NilClass):
    1: <h1>Wildlife Tracker</h1>
    2: 
    3: <ul>
    4:     <% @animal.each do |value| %>
    5:         <li><%= value.name %> </li>
    6:     <% end %>
    7: </ul>       
  
app/views/animal/index.html.erb:4
Started GET "/index" for ::1 at 2021-08-12 15:21:02 -0700
Processing by AnimalController#index as HTML
  Rendering layout layouts/application.html.erb
  Rendering animal/index.html.erb within layouts/application
  [1m[36mAnimal Load (2.6ms)[0m  [1m[34mSELECT "animals".* FROM "animals"[0m
  ↳ app/views/animal/index.html.erb:4
  Rendered animal/index.html.erb within layouts/application (Duration: 59.9ms | Allocations: 8125)
  Rendered layout layouts/application.html.erb (Duration: 60.2ms | Allocations: 8194)
Completed 500 Internal Server Error in 67ms (ActiveRecord: 37.1ms | Allocations: 9321)


  
ActionView::Template::Error (undefined method `name' for #<Animal id: 1, common_name: "dog", latin_name: "Canis lupus familiaris", kingdom: "Animal", created_at: "2021-08-12 21:56:45.491145000 +0000", updated_at: "2021-08-12 21:56:45.491145000 +0000">):
    2: 
    3: <ul>
    4:     <% @animals.each do |value| %>
    5:         <li><%= value.name %> </li>
    6:     <% end %>
    7: </ul>       
  
app/views/animal/index.html.erb:5
app/views/animal/index.html.erb:4
Started GET "/index" for ::1 at 2021-08-12 15:21:22 -0700
Processing by AnimalController#index as HTML
  Rendering layout layouts/application.html.erb
  Rendering animal/index.html.erb within layouts/application
  [1m[36mAnimal Load (2.2ms)[0m  [1m[34mSELECT "animals".* FROM "animals"[0m
  ↳ app/views/animal/index.html.erb:4
  Rendered animal/index.html.erb within layouts/application (Duration: 7.9ms | Allocations: 1020)
[Webpacker] Compiling...
[Webpacker] Compiled all packs in /Users/learnacademy/Desktop/wildlife-tracker-CSapien08/wildlife_tracker/public/packs
[Webpacker] Though the "loose" option was set to "false" in your @babel/preset-env config, it will not be used for @babel/plugin-proposal-private-property-in-object since the "loose" mode option was set to "true" for @babel/plugin-proposal-class-properties.
The "loose" option must be the same for @babel/plugin-proposal-class-properties, @babel/plugin-proposal-private-methods and @babel/plugin-proposal-private-property-in-object (when they are enabled): you can silence this warning by explicitly adding
	["@babel/plugin-proposal-private-property-in-object", { "loose": true }]
to the "plugins" section of your Babel config.
Though the "loose" option was set to "false" in your @babel/preset-env config, it will not be used for @babel/plugin-proposal-private-methods since the "loose" mode option was set to "true" for @babel/plugin-proposal-private-property-in-object.
The "loose" option must be the same for @babel/plugin-proposal-class-properties, @babel/plugin-proposal-private-methods and @babel/plugin-proposal-private-property-in-object (when they are enabled): you can silence this warning by explicitly adding
	["@babel/plugin-proposal-private-methods", { "loose": true }]
to the "plugins" section of your Babel config.
Though the "loose" option was set to "false" in your @babel/preset-env config, it will not be used for @babel/plugin-proposal-private-property-in-object since the "loose" mode option was set to "true" for @babel/plugin-proposal-class-properties.
The "loose" option must be the same for @babel/plugin-proposal-class-properties, @babel/plugin-proposal-private-methods and @babel/plugin-proposal-private-property-in-object (when they are enabled): you can silence this warning by explicitly adding
	["@babel/plugin-proposal-private-property-in-object", { "loose": true }]
to the "plugins" section of your Babel config.
Though the "loose" option was set to "false" in your @babel/preset-env config, it will not be used for @babel/plugin-proposal-private-methods since the "loose" mode option was set to "true" for @babel/plugin-proposal-private-property-in-object.
The "loose" option must be the same for @babel/plugin-proposal-class-properties, @babel/plugin-proposal-private-methods and @babel/plugin-proposal-private-property-in-object (when they are enabled): you can silence this warning by explicitly adding
	["@babel/plugin-proposal-private-methods", { "loose": true }]
to the "plugins" section of your Babel config.
Though the "loose" option was set to "false" in your @babel/preset-env config, it will not be used for @babel/plugin-proposal-private-property-in-object since the "loose" mode option was set to "true" for @babel/plugin-proposal-class-properties.
The "loose" option must be the same for @babel/plugin-proposal-class-properties, @babel/plugin-proposal-private-methods and @babel/plugin-proposal-private-property-in-object (when they are enabled): you can silence this warning by explicitly adding
	["@babel/plugin-proposal-private-property-in-object", { "loose": true }]
to the "plugins" section of your Babel config.
Though the "loose" option was set to "false" in your @babel/preset-env config, it will not be used for @babel/plugin-proposal-private-methods since the "loose" mode option was set to "true" for @babel/plugin-proposal-private-property-in-object.
The "loose" option must be the same for @babel/plugin-proposal-class-properties, @babel/plugin-proposal-private-methods and @babel/plugin-proposal-private-property-in-object (when they are enabled): you can silence this warning by explicitly adding
	["@babel/plugin-proposal-private-methods", { "loose": true }]
to the "plugins" section of your Babel config.
Though the "loose" option was set to "false" in your @babel/preset-env config, it will not be used for @babel/plugin-proposal-private-property-in-object since the "loose" mode option was set to "true" for @babel/plugin-proposal-class-properties.
The "loose" option must be the same for @babel/plugin-proposal-class-properties, @babel/plugin-proposal-private-methods and @babel/plugin-proposal-private-property-in-object (when they are enabled): you can silence this warning by explicitly adding
	["@babel/plugin-proposal-private-property-in-object", { "loose": true }]
to the "plugins" section of your Babel config.
Though the "loose" option was set to "false" in your @babel/preset-env config, it will not be used for @babel/plugin-proposal-private-methods since the "loose" mode option was set to "true" for @babel/plugin-proposal-private-property-in-object.
The "loose" option must be the same for @babel/plugin-proposal-class-properties, @babel/plugin-proposal-private-methods and @babel/plugin-proposal-private-property-in-object (when they are enabled): you can silence this warning by explicitly adding
	["@babel/plugin-proposal-private-methods", { "loose": true }]
to the "plugins" section of your Babel config.
Though the "loose" option was set to "false" in your @babel/preset-env config, it will not be used for @babel/plugin-proposal-private-property-in-object since the "loose" mode option was set to "true" for @babel/plugin-proposal-class-properties.
The "loose" option must be the same for @babel/plugin-proposal-class-properties, @babel/plugin-proposal-private-methods and @babel/plugin-proposal-private-property-in-object (when they are enabled): you can silence this warning by explicitly adding
	["@babel/plugin-proposal-private-property-in-object", { "loose": true }]
to the "plugins" section of your Babel config.
Though the "loose" option was set to "false" in your @babel/preset-env config, it will not be used for @babel/plugin-proposal-private-methods since the "loose" mode option was set to "true" for @babel/plugin-proposal-private-property-in-object.
The "loose" option must be the same for @babel/plugin-proposal-class-properties, @babel/plugin-proposal-private-methods and @babel/plugin-proposal-private-property-in-object (when they are enabled): you can silence this warning by explicitly adding
	["@babel/plugin-proposal-private-methods", { "loose": true }]
to the "plugins" section of your Babel config.
Though the "loose" option was set to "false" in your @babel/preset-env config, it will not be used for @babel/plugin-proposal-private-property-in-object since the "loose" mode option was set to "true" for @babel/plugin-proposal-class-properties.
The "loose" option must be the same for @babel/plugin-proposal-class-properties, @babel/plugin-proposal-private-methods and @babel/plugin-proposal-private-property-in-object (when they are enabled): you can silence this warning by explicitly adding
	["@babel/plugin-proposal-private-property-in-object", { "loose": true }]
to the "plugins" section of your Babel config.
Though the "loose" option was set to "false" in your @babel/preset-env config, it will not be used for @babel/plugin-proposal-private-methods since the "loose" mode option was set to "true" for @babel/plugin-proposal-private-property-in-object.
The "loose" option must be the same for @babel/plugin-proposal-class-properties, @babel/plugin-proposal-private-methods and @babel/plugin-proposal-private-property-in-object (when they are enabled): you can silence this warning by explicitly adding
	["@babel/plugin-proposal-private-methods", { "loose": true }]
to the "plugins" section of your Babel config.

[Webpacker] Hash: e2a8a876c5815bee1e21
Version: webpack 4.46.0
Time: 2806ms
Built at: 08/12/2021 3:21:29 PM
                                     Asset       Size       Chunks                         Chunk Names
    js/application-e421b4aa3f716bebdab1.js    125 KiB  application  [emitted] [immutable]  application
js/application-e421b4aa3f716bebdab1.js.map    139 KiB  application  [emitted] [dev]        application
                             manifest.json  364 bytes               [emitted]              
Entrypoint application = js/application-e421b4aa3f716bebdab1.js js/application-e421b4aa3f716bebdab1.js.map
[./app/javascript/channels sync recursive _channel\.js$] ./app/javascript/channels sync _channel\.js$ 160 bytes {application} [built]
[./app/javascript/channels/index.js] 211 bytes {application} [built]
[./app/javascript/packs/application.js] 492 bytes {application} [built]
[./node_modules/webpack/buildin/module.js] (webpack)/buildin/module.js 552 bytes {application} [built]
    + 3 hidden modules

  Rendered layout layouts/application.html.erb (Duration: 6460.3ms | Allocations: 15538)
Completed 200 OK in 6470ms (Views: 6464.7ms | ActiveRecord: 2.2ms | Allocations: 16703)


Started GET "/index" for ::1 at 2021-08-12 15:27:06 -0700
  
ActionController::RoutingError (No route matches [GET] "/index"):
  
Started GET "/animals" for ::1 at 2021-08-12 15:27:11 -0700
Processing by AnimalController#index as HTML
  Rendering layout layouts/application.html.erb
  Rendering animal/index.html.erb within layouts/application
  [1m[36mAnimal Load (1.2ms)[0m  [1m[34mSELECT "animals".* FROM "animals"[0m
  ↳ app/views/animal/index.html.erb:4
  Rendered animal/index.html.erb within layouts/application (Duration: 27.4ms | Allocations: 4216)
[Webpacker] Everything's up-to-date. Nothing to do
  Rendered layout layouts/application.html.erb (Duration: 42.3ms | Allocations: 7696)
Completed 200 OK in 48ms (Views: 37.0ms | ActiveRecord: 7.1ms | Allocations: 8748)


Started GET "/animals" for ::1 at 2021-08-12 15:28:30 -0700
Processing by AnimalController#index as HTML
  Rendering layout layouts/application.html.erb
  Rendering animal/index.html.erb within layouts/application
  [1m[36mAnimal Load (1.2ms)[0m  [1m[34mSELECT "animals".* FROM "animals"[0m
  ↳ app/views/animal/index.html.erb:4
  Rendered animal/index.html.erb within layouts/application (Duration: 31.3ms | Allocations: 4150)
[Webpacker] Everything's up-to-date. Nothing to do
  Rendered layout layouts/application.html.erb (Duration: 43.5ms | Allocations: 7606)
Completed 200 OK in 47ms (Views: 37.3ms | ActiveRecord: 7.2ms | Allocations: 8657)


Started GET "/" for ::1 at 2021-08-12 15:28:33 -0700
  
ActionController::RoutingError (uninitialized constant AnimalsController
Did you mean?  AnimalController):
  
Started GET "/animals" for ::1 at 2021-08-12 15:28:39 -0700
Processing by AnimalController#index as HTML
  Rendering layout layouts/application.html.erb
  Rendering animal/index.html.erb within layouts/application
  [1m[36mAnimal Load (1.5ms)[0m  [1m[34mSELECT "animals".* FROM "animals"[0m
  ↳ app/views/animal/index.html.erb:4
  Rendered animal/index.html.erb within layouts/application (Duration: 22.8ms | Allocations: 894)
[Webpacker] Everything's up-to-date. Nothing to do
  Rendered layout layouts/application.html.erb (Duration: 33.3ms | Allocations: 4308)
Completed 200 OK in 35ms (Views: 32.6ms | ActiveRecord: 1.5ms | Allocations: 4766)


Started GET "/animals" for ::1 at 2021-08-12 15:39:25 -0700
  
SyntaxError (/Users/learnacademy/Desktop/wildlife-tracker-CSapien08/wildlife_tracker/config/routes.rb:2: syntax error, unexpected local variable or method, expecting `end'
...'/animals' => 'animal#index' as: 'animals'
...                             ^~
):
  
config/routes.rb:2: syntax error, unexpected local variable or method, expecting `end'
config/routes.rb:2: syntax error, unexpected local variable or method, expecting `end'
config/routes.rb:2: syntax error, unexpected local variable or method, expecting `end'
Started GET "/animals" for ::1 at 2021-08-12 15:39:48 -0700
Processing by AnimalController#index as HTML
  Rendering layout layouts/application.html.erb
  Rendering animal/index.html.erb within layouts/application
  [1m[36mAnimal Load (2.2ms)[0m  [1m[34mSELECT "animals".* FROM "animals"[0m
  ↳ app/views/animal/index.html.erb:4
  Rendered animal/index.html.erb within layouts/application (Duration: 82.5ms | Allocations: 6845)
[Webpacker] Everything's up-to-date. Nothing to do
  Rendered layout layouts/application.html.erb (Duration: 105.6ms | Allocations: 10495)
Completed 200 OK in 113ms (Views: 108.3ms | ActiveRecord: 48.1ms | Allocations: 12151)


Started GET "/animals" for ::1 at 2021-08-12 15:42:40 -0700
Processing by AnimalController#index as HTML
  Rendering layout layouts/application.html.erb
  Rendering animal/index.html.erb within layouts/application
  [1m[36mAnimal Load (1.5ms)[0m  [1m[34mSELECT "animals".* FROM "animals"[0m
  ↳ app/views/animal/index.html.erb:4
  Rendered animal/index.html.erb within layouts/application (Duration: 70.1ms | Allocations: 4591)
[Webpacker] Everything's up-to-date. Nothing to do
  Rendered layout layouts/application.html.erb (Duration: 89.4ms | Allocations: 8209)
Completed 200 OK in 97ms (Views: 41.6ms | ActiveRecord: 51.0ms | Allocations: 9861)


Started GET "/animals/new" for ::1 at 2021-08-12 15:42:42 -0700
Processing by AnimalController#new as HTML
  Rendering layout layouts/application.html.erb
  Rendering animal/new.html.erb within layouts/application
  Rendered animal/new.html.erb within layouts/application (Duration: 51.1ms | Allocations: 9222)
  Rendered layout layouts/application.html.erb (Duration: 51.7ms | Allocations: 9382)
Completed 500 Internal Server Error in 55ms (ActiveRecord: 0.0ms | Allocations: 9966)


  
ActionView::Template::Error (undefined local variable or method `animal_path' for #<ActionView::Base:0x0000000000d4d0>
Did you mean?  animals_path):
    17:   <% end %>
    18:   <br>
    19:   <br>
    20:   <h4><%= link_to 'Back Home', animal_path %></h4>
  
app/views/animal/new.html.erb:20
Started GET "/animals/new" for ::1 at 2021-08-12 15:42:59 -0700
Processing by AnimalController#new as HTML
  Rendering layout layouts/application.html.erb
  Rendering animal/new.html.erb within layouts/application
  Rendered animal/new.html.erb within layouts/application (Duration: 12.1ms | Allocations: 3179)
  Rendered layout layouts/application.html.erb (Duration: 13.2ms | Allocations: 3248)
Completed 500 Internal Server Error in 29ms (ActiveRecord: 4.9ms | Allocations: 7473)


  
ActionView::Template::Error (undefined method `animals_path' for #<ActionView::Base:0x0000000000e5d8>
Did you mean?  animal_path):
    1: <h1>Add an Animal</h1>
    2: 
    3: <%= form_with model: @animals, local: true do |form| %>
    4:     <%= form.label :common_name %>
    5:     <%= form.text_field :common_name %>
    6:     <br>
  
app/views/animal/new.html.erb:3
Started GET "/animals/new" for ::1 at 2021-08-12 15:43:35 -0700
Processing by AnimalController#new as HTML
  Rendering layout layouts/application.html.erb
  Rendering animal/new.html.erb within layouts/application
  Rendered animal/new.html.erb within layouts/application (Duration: 13.7ms | Allocations: 3348)
  Rendered layout layouts/application.html.erb (Duration: 14.1ms | Allocations: 3417)
Completed 500 Internal Server Error in 21ms (ActiveRecord: 0.0ms | Allocations: 4599)


  
ActionView::Template::Error (undefined method `animals_path' for #<ActionView::Base:0x0000000000e970>
Did you mean?  animal_path):
    1: <h1>Add an Animal</h1>
    2: 
    3: <%= form_with model: @animals, local: true do |form| %>
    4:     <%= form.label :common_name %>
    5:     <%= form.text_field :common_name %>
    6:     <br>
  
app/views/animal/new.html.erb:3
Started GET "/animals/new" for ::1 at 2021-08-12 15:43:39 -0700
Processing by AnimalController#new as HTML
  Rendering layout layouts/application.html.erb
  Rendering animal/new.html.erb within layouts/application
  Rendered animal/new.html.erb within layouts/application (Duration: 13.1ms | Allocations: 3094)
  Rendered layout layouts/application.html.erb (Duration: 13.5ms | Allocations: 3162)
Completed 500 Internal Server Error in 15ms (ActiveRecord: 0.0ms | Allocations: 3582)


  
ActionView::Template::Error (undefined method `animals_path' for #<ActionView::Base:0x0000000000ed80>
Did you mean?  animal_path):
    1: <h1>Add an Animal</h1>
    2: 
    3: <%= form_with model: @animals, local: true do |form| %>
    4:     <%= form.label :common_name %>
    5:     <%= form.text_field :common_name %>
    6:     <br>
  
app/views/animal/new.html.erb:3
Started GET "/animals/new" for ::1 at 2021-08-12 15:44:02 -0700
Processing by AnimalController#new as HTML
  Rendering layout layouts/application.html.erb
  Rendering animal/new.html.erb within layouts/application
  Rendered animal/new.html.erb within layouts/application (Duration: 9.9ms | Allocations: 3390)
  Rendered layout layouts/application.html.erb (Duration: 10.1ms | Allocations: 3459)
Completed 500 Internal Server Error in 50ms (ActiveRecord: 5.7ms | Allocations: 8291)


  
ActionView::Template::Error (undefined method `animals_path' for #<ActionView::Base:0x0000000000fd48>
Did you mean?  animal_path):
    1: <h1>Add an Animal</h1>
    2: 
    3: <%= form_with model: @animals, local: true do |form| %>
    4:     <%= form.label :common_name %>
    5:     <%= form.text_field :common_name %>
    6:     <br>
  
app/views/animal/new.html.erb:3
Started GET "/index" for ::1 at 2021-08-12 15:44:06 -0700
  
ActionController::RoutingError (No route matches [GET] "/index"):
  
Started GET "/animals" for ::1 at 2021-08-12 15:44:11 -0700
Processing by AnimalController#index as HTML
  Rendering layout layouts/application.html.erb
  Rendering animal/index.html.erb within layouts/application
  [1m[36mAnimal Load (3.0ms)[0m  [1m[34mSELECT "animals".* FROM "animals"[0m
  ↳ app/views/animal/index.html.erb:4
  Rendered animal/index.html.erb within layouts/application (Duration: 27.2ms | Allocations: 1134)
[Webpacker] Everything's up-to-date. Nothing to do
  Rendered layout layouts/application.html.erb (Duration: 46.8ms | Allocations: 4779)
Completed 200 OK in 50ms (Views: 44.6ms | ActiveRecord: 3.0ms | Allocations: 5397)


Started GET "/animals/new" for ::1 at 2021-08-12 15:44:12 -0700
Processing by AnimalController#new as HTML
  Rendering layout layouts/application.html.erb
  Rendering animal/new.html.erb within layouts/application
  Rendered animal/new.html.erb within layouts/application (Duration: 16.9ms | Allocations: 3102)
  Rendered layout layouts/application.html.erb (Duration: 18.1ms | Allocations: 3170)
Completed 500 Internal Server Error in 22ms (ActiveRecord: 0.0ms | Allocations: 3589)


  
ActionView::Template::Error (undefined method `animals_path' for #<ActionView::Base:0x00000000010518>
Did you mean?  animal_path):
    1: <h1>Add an Animal</h1>
    2: 
    3: <%= form_with model: @animals, local: true do |form| %>
    4:     <%= form.label :common_name %>
    5:     <%= form.text_field :common_name %>
    6:     <br>
  
app/views/animal/new.html.erb:3
Started GET "/animals/" for ::1 at 2021-08-12 15:44:34 -0700
  [1m[35m (21.8ms)[0m  [1m[34mSELECT "schema_migrations"."version" FROM "schema_migrations" ORDER BY "schema_migrations"."version" ASC[0m
Processing by AnimalController#index as HTML
  Rendering layout layouts/application.html.erb
  Rendering animal/index.html.erb within layouts/application
  [1m[36mAnimal Load (1.8ms)[0m  [1m[34mSELECT "animals".* FROM "animals"[0m
  ↳ app/views/animal/index.html.erb:4
  Rendered animal/index.html.erb within layouts/application (Duration: 65.0ms | Allocations: 5270)
[Webpacker] Everything's up-to-date. Nothing to do
  Rendered layout layouts/application.html.erb (Duration: 97.8ms | Allocations: 11226)
Completed 200 OK in 125ms (Views: 59.8ms | ActiveRecord: 45.7ms | Allocations: 14829)


Started GET "/animals/new" for ::1 at 2021-08-12 15:44:36 -0700
Processing by AnimalController#new as HTML
  Rendering layout layouts/application.html.erb
  Rendering animal/new.html.erb within layouts/application
  Rendered animal/new.html.erb within layouts/application (Duration: 27.6ms | Allocations: 3787)
  Rendered layout layouts/application.html.erb (Duration: 28.3ms | Allocations: 3856)
Completed 500 Internal Server Error in 34ms (ActiveRecord: 0.0ms | Allocations: 4462)


  
ActionView::Template::Error (undefined method `animals_path' for #<ActionView::Base:0x00000000007a80>
Did you mean?  animal_path):
    1: <h1>Add an Animal</h1>
    2: 
    3: <%= form_with model: @animals, local: true do |form| %>
    4:     <%= form.label :common_name %>
    5:     <%= form.text_field :common_name %>
    6:     <br>
  
app/views/animal/new.html.erb:3
Started GET "/animals/new" for ::1 at 2021-08-12 15:45:29 -0700
Processing by AnimalController#new as HTML
  Rendering layout layouts/application.html.erb
  Rendering animal/new.html.erb within layouts/application
  Rendered animal/new.html.erb within layouts/application (Duration: 13.2ms | Allocations: 3346)
  Rendered layout layouts/application.html.erb (Duration: 13.7ms | Allocations: 3416)
Completed 500 Internal Server Error in 25ms (ActiveRecord: 0.0ms | Allocations: 4611)


  
ActionView::Template::Error (undefined method `animals_path' for #<ActionView::Base:0x00000000007f80>
Did you mean?  animal_path):
    1: <h1>Add an Animal</h1>
    2: 
    3: <%= form_with model: @animals, local: true do |form| %>
    4:     <%= form.label :common_name %>
    5:     <%= form.text_field :common_name %>
    6:     <br>
  
app/views/animal/new.html.erb:3
Started GET "/animals/new" for ::1 at 2021-08-12 15:47:50 -0700
Processing by AnimalController#new as HTML
  Rendering layout layouts/application.html.erb
  Rendering animal/new.html.erb within layouts/application
  Rendered animal/new.html.erb within layouts/application (Duration: 9.8ms | Allocations: 3390)
  Rendered layout layouts/application.html.erb (Duration: 10.0ms | Allocations: 3460)
Completed 500 Internal Server Error in 63ms (ActiveRecord: 38.2ms | Allocations: 8317)


  
ActionView::Template::Error (undefined method `animals_path' for #<ActionView::Base:0x00000000009100>
Did you mean?  animal_path):
    1: <h1>Add an Animal</h1>
    2: 
    3: <%= form_with model: @animals, local: true do |form| %>
    4:     <%= form.label :common_name %>
    5:     <%= form.text_field :common_name %>
    6:     <br>
  
app/views/animal/new.html.erb:3
Started GET "/animals" for ::1 at 2021-08-12 15:47:54 -0700
Processing by AnimalController#index as HTML
  Rendering layout layouts/application.html.erb
  Rendering animal/index.html.erb within layouts/application
  [1m[36mAnimal Load (2.4ms)[0m  [1m[34mSELECT "animals".* FROM "animals"[0m
  ↳ app/views/animal/index.html.erb:4
  Rendered animal/index.html.erb within layouts/application (Duration: 15.3ms | Allocations: 1140)
[Webpacker] Everything's up-to-date. Nothing to do
  Rendered layout layouts/application.html.erb (Duration: 46.4ms | Allocations: 4789)
Completed 200 OK in 50ms (Views: 45.2ms | ActiveRecord: 2.4ms | Allocations: 5420)


Started GET "/animals/new" for ::1 at 2021-08-12 15:47:55 -0700
Processing by AnimalController#new as HTML
  Rendering layout layouts/application.html.erb
  Rendering animal/new.html.erb within layouts/application
  Rendered animal/new.html.erb within layouts/application (Duration: 19.8ms | Allocations: 3100)
  Rendered layout layouts/application.html.erb (Duration: 20.6ms | Allocations: 3168)
Completed 500 Internal Server Error in 23ms (ActiveRecord: 0.0ms | Allocations: 3587)


  
ActionView::Template::Error (undefined method `animals_path' for #<ActionView::Base:0x00000000009678>
Did you mean?  animal_path):
    1: <h1>Add an Animal</h1>
    2: 
    3: <%= form_with model: @animals, local: true do |form| %>
    4:     <%= form.label :common_name %>
    5:     <%= form.text_field :common_name %>
    6:     <br>
  
app/views/animal/new.html.erb:3
Started GET "/animals/new" for ::1 at 2021-08-12 15:48:35 -0700
Processing by AnimalController#new as HTML
  Rendering layout layouts/application.html.erb
  Rendering animal/new.html.erb within layouts/application
  Rendered animal/new.html.erb within layouts/application (Duration: 9.2ms | Allocations: 3351)
  Rendered layout layouts/application.html.erb (Duration: 9.6ms | Allocations: 3420)
Completed 500 Internal Server Error in 16ms (ActiveRecord: 0.0ms | Allocations: 4602)


  
ActionView::Template::Error (undefined method `animals_path' for #<ActionView::Base:0x000000000099e8>
Did you mean?  animal_path):
    1: <h1>Add an Animal</h1>
    2: 
    3: <%= form_with model: @animals, local: true do |form| %>
    4:     <%= form.label :common_name %>
    5:     <%= form.text_field :common_name %>
    6:     <br>
  
app/views/animal/new.html.erb:3
Started GET "/animals/new" for ::1 at 2021-08-12 15:48:36 -0700
Processing by AnimalController#new as HTML
  Rendering layout layouts/application.html.erb
  Rendering animal/new.html.erb within layouts/application
  Rendered animal/new.html.erb within layouts/application (Duration: 13.9ms | Allocations: 3092)
  Rendered layout layouts/application.html.erb (Duration: 14.5ms | Allocations: 3160)
Completed 500 Internal Server Error in 17ms (ActiveRecord: 0.0ms | Allocations: 3580)


  
ActionView::Template::Error (undefined method `animals_path' for #<ActionView::Base:0x00000000009df8>
Did you mean?  animal_path):
    1: <h1>Add an Animal</h1>
    2: 
    3: <%= form_with model: @animals, local: true do |form| %>
    4:     <%= form.label :common_name %>
    5:     <%= form.text_field :common_name %>
    6:     <br>
  
app/views/animal/new.html.erb:3
Started GET "/animals" for ::1 at 2021-08-12 15:48:39 -0700
Processing by AnimalController#index as HTML
  Rendering layout layouts/application.html.erb
  Rendering animal/index.html.erb within layouts/application
  [1m[36mAnimal Load (2.3ms)[0m  [1m[34mSELECT "animals".* FROM "animals"[0m
  ↳ app/views/animal/index.html.erb:4
  Rendered animal/index.html.erb within layouts/application (Duration: 7.0ms | Allocations: 1084)
[Webpacker] Everything's up-to-date. Nothing to do
  Rendered layout layouts/application.html.erb (Duration: 29.6ms | Allocations: 4732)
Completed 200 OK in 33ms (Views: 28.6ms | ActiveRecord: 2.3ms | Allocations: 5311)


Started GET "/animals/new" for ::1 at 2021-08-12 15:48:40 -0700
Processing by AnimalController#new as HTML
  Rendering layout layouts/application.html.erb
  Rendering animal/new.html.erb within layouts/application
  Rendered animal/new.html.erb within layouts/application (Duration: 14.6ms | Allocations: 3100)
  Rendered layout layouts/application.html.erb (Duration: 15.0ms | Allocations: 3168)
Completed 500 Internal Server Error in 17ms (ActiveRecord: 0.0ms | Allocations: 3587)


  
ActionView::Template::Error (undefined method `animals_path' for #<ActionView::Base:0x0000000000a1e0>
Did you mean?  animal_path):
    1: <h1>Add an Animal</h1>
    2: 
    3: <%= form_with model: @animals, local: true do |form| %>
    4:     <%= form.label :common_name %>
    5:     <%= form.text_field :common_name %>
    6:     <br>
  
app/views/animal/new.html.erb:3
Started GET "/" for ::1 at 2021-08-12 15:49:41 -0700
  [1m[35m (1.8ms)[0m  [1m[34mSELECT "schema_migrations"."version" FROM "schema_migrations" ORDER BY "schema_migrations"."version" ASC[0m
  
ActionController::RoutingError (uninitialized constant AnimalsController
Did you mean?  AnimalController):
  
Started GET "/animals/" for ::1 at 2021-08-12 15:49:50 -0700
Processing by AnimalController#index as HTML
  Rendering layout layouts/application.html.erb
  Rendering animal/index.html.erb within layouts/application
  [1m[36mAnimal Load (2.1ms)[0m  [1m[34mSELECT "animals".* FROM "animals"[0m
  ↳ app/views/animal/index.html.erb:4
  Rendered animal/index.html.erb within layouts/application (Duration: 23.3ms | Allocations: 5224)
[Webpacker] Everything's up-to-date. Nothing to do
  Rendered layout layouts/application.html.erb (Duration: 51.0ms | Allocations: 11153)
Completed 200 OK in 69ms (Views: 44.7ms | ActiveRecord: 11.5ms | Allocations: 13913)


Started GET "/animals/new" for ::1 at 2021-08-12 15:49:52 -0700
Processing by AnimalController#new as HTML
  Rendering layout layouts/application.html.erb
  Rendering animal/new.html.erb within layouts/application
  Rendered animal/new.html.erb within layouts/application (Duration: 16.3ms | Allocations: 3474)
  Rendered layout layouts/application.html.erb (Duration: 16.8ms | Allocations: 3543)
Completed 500 Internal Server Error in 21ms (ActiveRecord: 0.0ms | Allocations: 4147)


  
ActionView::Template::Error (undefined method `animals_path' for #<ActionView::Base:0x00000000007f58>
Did you mean?  animal_path):
    1: <h1>Add an Animal</h1>
    2: 
    3: <%= form_with model: @animals, local: true do |form| %>
    4:     <%= form.label :common_name %>
    5:     <%= form.text_field :common_name %>
    6:     <br>
  
app/views/animal/new.html.erb:3
Started GET "/animals/new" for ::1 at 2021-08-12 15:50:17 -0700
Processing by AnimalController#new as HTML
  Rendering layout layouts/application.html.erb
  Rendering animal/new.html.erb within layouts/application
  Rendered animal/new.html.erb within layouts/application (Duration: 12.7ms | Allocations: 3334)
  Rendered layout layouts/application.html.erb (Duration: 13.2ms | Allocations: 3404)
Completed 500 Internal Server Error in 19ms (ActiveRecord: 0.0ms | Allocations: 4599)


  
ActionView::Template::Error (undefined method `animals_path' for #<ActionView::Base:0x00000000008340>
Did you mean?  animal_path):
    1: <h1>Add an Animal</h1>
    2: 
    3: <%= form_with model: @animals, local: true do |form| %>
    4:     <%= form.label :common_name %>
    5:     <%= form.text_field :common_name %>
    6:     <br>
  
app/views/animal/new.html.erb:3
Started GET "/animals/new" for ::1 at 2021-08-12 15:50:47 -0700
Processing by AnimalController#new as HTML
  Rendering layout layouts/application.html.erb
  Rendering animal/new.html.erb within layouts/application
  Rendered animal/new.html.erb within layouts/application (Duration: 0.7ms | Allocations: 110)
[Webpacker] Everything's up-to-date. Nothing to do
  Rendered layout layouts/application.html.erb (Duration: 12.3ms | Allocations: 3763)
Completed 200 OK in 23ms (Views: 19.3ms | ActiveRecord: 0.0ms | Allocations: 4983)


Started GET "/animals/new" for ::1 at 2021-08-12 15:50:55 -0700
Processing by AnimalController#new as HTML
  Rendering layout layouts/application.html.erb
  Rendering animal/new.html.erb within layouts/application
  Rendered animal/new.html.erb within layouts/application (Duration: 10.3ms | Allocations: 3335)
  Rendered layout layouts/application.html.erb (Duration: 10.6ms | Allocations: 3404)
Completed 500 Internal Server Error in 18ms (ActiveRecord: 0.0ms | Allocations: 4582)


  
ActionView::Template::Error (undefined method `animals_path' for #<ActionView::Base:0x00000000008908>
Did you mean?  animal_path):
    1: <h1>Add an Animal</h1>
    2: 
    3: 
    4: <%= form_with model: @animals, local: true do |form| %>
    5:     <%= form.label :common_name %>
    6:     <%= form.text_field :common_name %>
    7:     <br>
  
app/views/animal/new.html.erb:4
Started GET "/animals/new" for ::1 at 2021-08-12 15:51:18 -0700
Processing by AnimalController#new as HTML
  Rendering layout layouts/application.html.erb
  Rendering animal/new.html.erb within layouts/application
  Rendered animal/new.html.erb within layouts/application (Duration: 15.3ms | Allocations: 3301)
  Rendered layout layouts/application.html.erb (Duration: 15.9ms | Allocations: 3371)
Completed 500 Internal Server Error in 22ms (ActiveRecord: 0.0ms | Allocations: 4567)


  
ActionView::Template::Error (undefined method `animals_path' for #<ActionView::Base:0x00000000008e08>
Did you mean?  animal_path):
    1: <h1>Add an Animal</h1>
    2: 
    3: 
    4: <%= form_with model: @animals, local: true do |form| %>
    5:     <%= form.label :common_name %>
    6:     <%= form.text_field :common_name %>
    7:     <br>
  
app/views/animal/new.html.erb:4
Started GET "/animals/new" for ::1 at 2021-08-12 15:54:34 -0700
Processing by AnimalController#new as HTML
  Rendering layout layouts/application.html.erb
  Rendering animal/new.html.erb within layouts/application
  Rendered animal/new.html.erb within layouts/application (Duration: 12.5ms | Allocations: 2372)
[Webpacker] Everything's up-to-date. Nothing to do
  Rendered layout layouts/application.html.erb (Duration: 32.8ms | Allocations: 5982)
Completed 200 OK in 83ms (Views: 36.3ms | ActiveRecord: 35.6ms | Allocations: 10856)


Started GET "/animals/new" for ::1 at 2021-08-12 15:54:47 -0700
Processing by AnimalController#new as HTML
  Rendering layout layouts/application.html.erb
  Rendering animal/new.html.erb within layouts/application
  Rendered animal/new.html.erb within layouts/application (Duration: 3.4ms | Allocations: 822)
[Webpacker] Everything's up-to-date. Nothing to do
  Rendered layout layouts/application.html.erb (Duration: 24.8ms | Allocations: 4444)
Completed 200 OK in 31ms (Views: 27.8ms | ActiveRecord: 0.0ms | Allocations: 5659)


Started GET "/animals/new" for ::1 at 2021-08-12 15:56:12 -0700
Processing by AnimalController#new as HTML
  Rendering layout layouts/application.html.erb
  Rendering animal/new.html.erb within layouts/application
  Rendered animal/new.html.erb within layouts/application (Duration: 1.4ms | Allocations: 707)
[Webpacker] Everything's up-to-date. Nothing to do
  Rendered layout layouts/application.html.erb (Duration: 14.8ms | Allocations: 4144)
Completed 200 OK in 46ms (Views: 16.0ms | ActiveRecord: 7.3ms | Allocations: 8363)


Started GET "/animals/new" for ::1 at 2021-08-12 15:56:46 -0700
Processing by AnimalController#new as HTML
  Rendering layout layouts/application.html.erb
  Rendering animal/new.html.erb within layouts/application
  Rendered animal/new.html.erb within layouts/application (Duration: 7.5ms | Allocations: 1061)
[Webpacker] Everything's up-to-date. Nothing to do
  Rendered layout layouts/application.html.erb (Duration: 26.8ms | Allocations: 4683)
Completed 200 OK in 34ms (Views: 31.7ms | ActiveRecord: 0.0ms | Allocations: 5902)


Started POST "/animals" for ::1 at 2021-08-12 15:57:08 -0700
  
ActionController::RoutingError (uninitialized constant AnimalsController
Did you mean?  AnimalController):
  
Started POST "/animals" for ::1 at 2021-08-12 15:59:55 -0700
Processing by AnimalController#create as HTML
  Parameters: {"authenticity_token"=>"[FILTERED]", "animal"=>{"common_name"=>"Tiger", "latin_name"=>"I dont know", "kingdom"=>"Boss"}, "commit"=>"Add Animal"}
Completed 500 Internal Server Error in 10ms (ActiveRecord: 0.0ms | Allocations: 3497)


  
NameError (undefined local variable or method `animals_params' for #<AnimalController:0x0000000000c0f8>
Did you mean?  animals_path):
  
app/controllers/animal_controller.rb:9:in `create'
Started POST "/animals" for ::1 at 2021-08-12 16:00:21 -0700
Processing by AnimalController#create as HTML
  Parameters: {"authenticity_token"=>"[FILTERED]", "animal"=>{"common_name"=>"Tiger", "latin_name"=>"I dont know", "kingdom"=>"Boss"}, "commit"=>"Add Animal"}
Completed 500 Internal Server Error in 9ms (ActiveRecord: 0.0ms | Allocations: 3487)


  
NameError (undefined local variable or method `animal_params' for #<AnimalController:0x0000000000d138>
Did you mean?  animal_path):
  
app/controllers/animal_controller.rb:9:in `create'
Started GET "/" for ::1 at 2021-08-12 16:00:30 -0700
  
ActionController::RoutingError (uninitialized constant AnimalsController
Did you mean?  AnimalController):
  
Started GET "/animals/" for ::1 at 2021-08-12 16:00:33 -0700
Processing by AnimalController#index as HTML
  Rendering layout layouts/application.html.erb
  Rendering animal/index.html.erb within layouts/application
  [1m[36mAnimal Load (1.5ms)[0m  [1m[34mSELECT "animals".* FROM "animals"[0m
  ↳ app/views/animal/index.html.erb:4
  Rendered animal/index.html.erb within layouts/application (Duration: 39.1ms | Allocations: 4400)
[Webpacker] Everything's up-to-date. Nothing to do
  Rendered layout layouts/application.html.erb (Duration: 54.8ms | Allocations: 7877)
Completed 200 OK in 59ms (Views: 45.8ms | ActiveRecord: 10.9ms | Allocations: 8704)


Started GET "/animals/new" for ::1 at 2021-08-12 16:00:34 -0700
Processing by AnimalController#new as HTML
  Rendering layout layouts/application.html.erb
  Rendering animal/new.html.erb within layouts/application
  Rendered animal/new.html.erb within layouts/application (Duration: 5.2ms | Allocations: 861)
[Webpacker] Everything's up-to-date. Nothing to do
  Rendered layout layouts/application.html.erb (Duration: 20.7ms | Allocations: 4263)
Completed 200 OK in 24ms (Views: 22.5ms | ActiveRecord: 0.0ms | Allocations: 4733)


Started POST "/animals" for ::1 at 2021-08-12 16:00:35 -0700
Processing by AnimalController#create as HTML
  Parameters: {"authenticity_token"=>"[FILTERED]", "animal"=>{"common_name"=>"", "latin_name"=>"", "kingdom"=>""}, "commit"=>"Add Animal"}
Completed 500 Internal Server Error in 19ms (ActiveRecord: 0.0ms | Allocations: 3130)


  
NameError (undefined local variable or method `animal_params' for #<AnimalController:0x0000000000d818>
Did you mean?  animal_path):
  
app/controllers/animal_controller.rb:9:in `create'
Started POST "/animals" for ::1 at 2021-08-12 16:14:27 -0700
Processing by AnimalController#create as HTML
  Parameters: {"authenticity_token"=>"[FILTERED]", "animal"=>{"common_name"=>"", "latin_name"=>"", "kingdom"=>""}, "commit"=>"Add Animal"}
Completed 500 Internal Server Error in 10ms (Allocations: 3475)


  
NameError (undefined local variable or method `animals_params' for #<AnimalController:0x0000000000e880>
Did you mean?  animals_path):
  
app/controllers/animal_controller.rb:15:in `create'
Started GET "/animals" for ::1 at 2021-08-12 16:14:31 -0700
Processing by AnimalController#index as HTML
  Rendering layout layouts/application.html.erb
  Rendering animal/index.html.erb within layouts/application
  [1m[36mAnimal Load (3.3ms)[0m  [1m[34mSELECT "animals".* FROM "animals"[0m
  ↳ app/views/animal/index.html.erb:4
  Rendered animal/index.html.erb within layouts/application (Duration: 84.5ms | Allocations: 6921)
[Webpacker] Everything's up-to-date. Nothing to do
  Rendered layout layouts/application.html.erb (Duration: 106.8ms | Allocations: 10569)
Completed 200 OK in 118ms (Views: 114.1ms | ActiveRecord: 54.3ms | Allocations: 11874)


Started GET "/animals/new" for ::1 at 2021-08-12 16:14:33 -0700
Processing by AnimalController#new as HTML
  Rendering layout layouts/application.html.erb
  Rendering animal/new.html.erb within layouts/application
  Rendered animal/new.html.erb within layouts/application (Duration: 8.8ms | Allocations: 1081)
[Webpacker] Everything's up-to-date. Nothing to do
  Rendered layout layouts/application.html.erb (Duration: 42.9ms | Allocations: 5088)
Completed 200 OK in 49ms (Views: 46.8ms | ActiveRecord: 0.0ms | Allocations: 5683)


Started POST "/animals" for ::1 at 2021-08-12 16:14:39 -0700
Processing by AnimalController#create as HTML
  Parameters: {"authenticity_token"=>"[FILTERED]", "animal"=>{"common_name"=>"a", "latin_name"=>"s", "kingdom"=>"f"}, "commit"=>"Add Animal"}
Completed 500 Internal Server Error in 20ms (ActiveRecord: 0.0ms | Allocations: 3130)


  
NameError (undefined local variable or method `animals_params' for #<AnimalController:0x0000000000ee70>
Did you mean?  animals_path):
  
app/controllers/animal_controller.rb:15:in `create'
Started POST "/animals" for ::1 at 2021-08-12 16:15:25 -0700
Processing by AnimalController#create as HTML
  Parameters: {"authenticity_token"=>"[FILTERED]", "animal"=>{"common_name"=>"a", "latin_name"=>"s", "kingdom"=>"f"}, "commit"=>"Add Animal"}
Completed 500 Internal Server Error in 10ms (ActiveRecord: 0.0ms | Allocations: 3482)


  
NameError (undefined local variable or method `animal_params' for #<AnimalController:0x0000000000ff50>
Did you mean?  animal_path):
  
app/controllers/animal_controller.rb:15:in `create'
Started POST "/animals" for ::1 at 2021-08-12 16:19:18 -0700
Processing by AnimalController#create as HTML
  Parameters: {"authenticity_token"=>"[FILTERED]", "animal"=>{"common_name"=>"a", "latin_name"=>"s", "kingdom"=>"f"}, "commit"=>"Add Animal"}
Completed 500 Internal Server Error in 26ms (ActiveRecord: 0.0ms | Allocations: 3482)


  
NameError (undefined local variable or method `animal_params' for #<AnimalController:0x00000000011030>
Did you mean?  animal_path):
  
app/controllers/animal_controller.rb:15:in `create'
Started GET "/animals" for ::1 at 2021-08-12 16:19:24 -0700
Processing by AnimalController#index as HTML
  Rendering layout layouts/application.html.erb
  Rendering animal/index.html.erb within layouts/application
  [1m[36mAnimal Load (28.9ms)[0m  [1m[34mSELECT "animals".* FROM "animals"[0m
  ↳ app/views/animal/index.html.erb:4
  Rendered animal/index.html.erb within layouts/application (Duration: 100.3ms | Allocations: 4466)
[Webpacker] Everything's up-to-date. Nothing to do
  Rendered layout layouts/application.html.erb (Duration: 128.5ms | Allocations: 7943)
Completed 200 OK in 136ms (Views: 53.3ms | ActiveRecord: 78.9ms | Allocations: 8645)


Started GET "/animals/new" for ::1 at 2021-08-12 16:19:25 -0700
Processing by AnimalController#show as HTML
  Parameters: {"id"=>"new"}
  [1m[36mAnimal Load (1.7ms)[0m  [1m[34mSELECT "animals".* FROM "animals" WHERE "animals"."id" = $1 LIMIT $2[0m  [["id", nil], ["LIMIT", 1]]
  ↳ app/controllers/animal_controller.rb:7:in `show'
Completed 404 Not Found in 21ms (ActiveRecord: 3.2ms | Allocations: 2006)


  
ActiveRecord::RecordNotFound (Couldn't find Animal with 'id'=new):
  
app/controllers/animal_controller.rb:7:in `show'
Started GET "/animals/new" for ::1 at 2021-08-12 16:21:38 -0700
Processing by AnimalController#new as HTML
  Rendering layout layouts/application.html.erb
  Rendering animal/new.html.erb within layouts/application
  Rendered animal/new.html.erb within layouts/application (Duration: 3.5ms | Allocations: 3385)
[Webpacker] Everything's up-to-date. Nothing to do
  Rendered layout layouts/application.html.erb (Duration: 16.9ms | Allocations: 6746)
Completed 200 OK in 52ms (Views: 18.1ms | ActiveRecord: 5.3ms | Allocations: 11003)


Started GET "/animals" for ::1 at 2021-08-12 16:21:43 -0700
Processing by AnimalController#index as HTML
  Rendering layout layouts/application.html.erb
  Rendering animal/index.html.erb within layouts/application
  [1m[36mAnimal Load (4.0ms)[0m  [1m[34mSELECT "animals".* FROM "animals"[0m
  ↳ app/views/animal/index.html.erb:4
  Rendered animal/index.html.erb within layouts/application (Duration: 35.7ms | Allocations: 1700)
[Webpacker] Everything's up-to-date. Nothing to do
  Rendered layout layouts/application.html.erb (Duration: 46.0ms | Allocations: 5104)
Completed 200 OK in 48ms (Views: 43.1ms | ActiveRecord: 4.0ms | Allocations: 5599)


Started GET "/animals/new" for ::1 at 2021-08-12 16:21:44 -0700
Processing by AnimalController#new as HTML
  Rendering layout layouts/application.html.erb
  Rendering animal/new.html.erb within layouts/application
  Rendered animal/new.html.erb within layouts/application (Duration: 4.5ms | Allocations: 2974)
[Webpacker] Everything's up-to-date. Nothing to do
  Rendered layout layouts/application.html.erb (Duration: 19.1ms | Allocations: 6267)
Completed 200 OK in 22ms (Views: 20.4ms | ActiveRecord: 0.0ms | Allocations: 6726)


Started POST "/animals/new" for ::1 at 2021-08-12 16:21:48 -0700
  
ActionController::RoutingError (No route matches [POST] "/animals/new"):
  
Started POST "/animals/new" for ::1 at 2021-08-12 16:33:55 -0700
  
ActionController::RoutingError (No route matches [POST] "/animals/new"):
  
Started GET "/animals/" for ::1 at 2021-08-12 16:34:03 -0700
Processing by AnimalController#index as HTML
  Rendering layout layouts/application.html.erb
  Rendering animal/index.html.erb within layouts/application
  [1m[36mAnimal Load (1.6ms)[0m  [1m[34mSELECT "animals".* FROM "animals"[0m
  ↳ app/views/animal/index.html.erb:4
  Rendered animal/index.html.erb within layouts/application (Duration: 88.5ms | Allocations: 4357)
[Webpacker] Everything's up-to-date. Nothing to do
  Rendered layout layouts/application.html.erb (Duration: 111.0ms | Allocations: 8007)
Completed 200 OK in 124ms (Views: 117.9ms | ActiveRecord: 54.8ms | Allocations: 9221)


Started GET "/animals/new" for ::1 at 2021-08-12 16:34:05 -0700
Processing by AnimalController#new as HTML
  Rendering layout layouts/application.html.erb
  Rendering animal/new.html.erb within layouts/application
  Rendered animal/new.html.erb within layouts/application (Duration: 8.6ms | Allocations: 1082)
[Webpacker] Everything's up-to-date. Nothing to do
  Rendered layout layouts/application.html.erb (Duration: 23.4ms | Allocations: 4474)
Completed 200 OK in 27ms (Views: 24.7ms | ActiveRecord: 0.0ms | Allocations: 5061)


Started POST "/animals" for ::1 at 2021-08-12 16:34:08 -0700
Processing by AnimalController#create as HTML
  Parameters: {"authenticity_token"=>"[FILTERED]", "animal"=>{"common_name"=>"a", "latin_name"=>"s", "kingdom"=>"Boss"}, "commit"=>"Add Animal"}
Completed 500 Internal Server Error in 17ms (ActiveRecord: 0.0ms | Allocations: 3165)


  
NameError (undefined local variable or method `animal_params' for #<AnimalController:0x000000000130d8>
Did you mean?  animal_path):
  
app/controllers/animal_controller.rb:15:in `create'
Started POST "/animals" for ::1 at 2021-08-12 16:42:20 -0700
Processing by AnimalController#create as HTML
  Parameters: {"authenticity_token"=>"[FILTERED]", "animal"=>{"common_name"=>"a", "latin_name"=>"s", "kingdom"=>"Boss"}, "commit"=>"Add Animal"}
Completed 500 Internal Server Error in 26ms (Allocations: 3473)


  
NameError (undefined local variable or method `animal_params' for #<AnimalController:0x00000000014190>
Did you mean?  animal_path):
  
app/controllers/animal_controller.rb:15:in `create'
Started GET "/animals" for ::1 at 2021-08-12 16:42:22 -0700
Processing by AnimalController#index as HTML
  Rendering layout layouts/application.html.erb
  Rendering animal/index.html.erb within layouts/application
  [1m[36mAnimal Load (3.2ms)[0m  [1m[34mSELECT "animals".* FROM "animals"[0m
  ↳ app/views/animal/index.html.erb:4
  Rendered animal/index.html.erb within layouts/application (Duration: 138.2ms | Allocations: 6917)
[Webpacker] Everything's up-to-date. Nothing to do
  Rendered layout layouts/application.html.erb (Duration: 164.1ms | Allocations: 10565)
Completed 200 OK in 183ms (Views: 177.4ms | ActiveRecord: 57.4ms | Allocations: 11871)


Started GET "/animals/new" for ::1 at 2021-08-12 16:42:23 -0700
Processing by AnimalController#new as HTML
  Rendering layout layouts/application.html.erb
  Rendering animal/new.html.erb within layouts/application
  Rendered animal/new.html.erb within layouts/application (Duration: 9.2ms | Allocations: 1081)
[Webpacker] Everything's up-to-date. Nothing to do
  Rendered layout layouts/application.html.erb (Duration: 23.9ms | Allocations: 4474)
Completed 200 OK in 28ms (Views: 25.8ms | ActiveRecord: 0.0ms | Allocations: 5069)


Started POST "/animals" for ::1 at 2021-08-12 16:42:26 -0700
Processing by AnimalController#create as HTML
  Parameters: {"authenticity_token"=>"[FILTERED]", "animal"=>{"common_name"=>"a", "latin_name"=>"s", "kingdom"=>"Boss"}, "commit"=>"Add Animal"}
Completed 500 Internal Server Error in 23ms (ActiveRecord: 0.0ms | Allocations: 3128)


  
NameError (undefined local variable or method `animal_params' for #<AnimalController:0x000000000147a8>
Did you mean?  animal_path):
  
app/controllers/animal_controller.rb:15:in `create'
Started GET "/animals" for ::1 at 2021-08-12 16:43:05 -0700
  [1m[35m (1.8ms)[0m  [1m[34mSELECT "schema_migrations"."version" FROM "schema_migrations" ORDER BY "schema_migrations"."version" ASC[0m
Processing by AnimalController#index as HTML
  Rendering layout layouts/application.html.erb
  Rendering animal/index.html.erb within layouts/application
  [1m[36mAnimal Load (5.2ms)[0m  [1m[34mSELECT "animals".* FROM "animals"[0m
  ↳ app/views/animal/index.html.erb:4
  Rendered animal/index.html.erb within layouts/application (Duration: 24.8ms | Allocations: 5266)
[Webpacker] Everything's up-to-date. Nothing to do
  Rendered layout layouts/application.html.erb (Duration: 49.0ms | Allocations: 11222)
Completed 200 OK in 66ms (Views: 42.0ms | ActiveRecord: 11.9ms | Allocations: 14824)


Started GET "/animals/new" for ::1 at 2021-08-12 16:43:08 -0700
Processing by AnimalController#new as HTML
  Rendering layout layouts/application.html.erb
  Rendering animal/new.html.erb within layouts/application
  Rendered animal/new.html.erb within layouts/application (Duration: 27.9ms | Allocations: 2741)
[Webpacker] Everything's up-to-date. Nothing to do
  Rendered layout layouts/application.html.erb (Duration: 52.4ms | Allocations: 6848)
Completed 200 OK in 59ms (Views: 54.1ms | ActiveRecord: 0.0ms | Allocations: 7477)


Started POST "/animals" for ::1 at 2021-08-12 16:43:12 -0700
Processing by AnimalController#create as HTML
  Parameters: {"authenticity_token"=>"[FILTERED]", "animal"=>{"common_name"=>"a", "latin_name"=>"s", "kingdom"=>"Boss"}, "commit"=>"Add Animal"}
Completed 500 Internal Server Error in 16ms (ActiveRecord: 0.0ms | Allocations: 3237)


  
NameError (undefined local variable or method `animal_params' for #<AnimalController:0x00000000007be8>
Did you mean?  animal_path):
  
app/controllers/animal_controller.rb:15:in `create'
Started POST "/animals" for ::1 at 2021-08-12 16:43:52 -0700
Processing by AnimalController#create as HTML
  Parameters: {"authenticity_token"=>"[FILTERED]", "animal"=>{"common_name"=>"a", "latin_name"=>"s", "kingdom"=>"Boss"}, "commit"=>"Add Animal"}
Completed 500 Internal Server Error in 10ms (ActiveRecord: 0.0ms | Allocations: 3474)


  
NameError (undefined local variable or method `animal_params' for #<AnimalController:0x00000000008e58>
Did you mean?  animal_path):
  
app/controllers/animal_controller.rb:15:in `create'
Started GET "/animals" for ::1 at 2021-08-12 16:43:54 -0700
Processing by AnimalController#index as HTML
  Rendering layout layouts/application.html.erb
  Rendering animal/index.html.erb within layouts/application
  [1m[36mAnimal Load (1.6ms)[0m  [1m[34mSELECT "animals".* FROM "animals"[0m
  ↳ app/views/animal/index.html.erb:4
  Rendered animal/index.html.erb within layouts/application (Duration: 34.3ms | Allocations: 4279)
[Webpacker] Everything's up-to-date. Nothing to do
  Rendered layout layouts/application.html.erb (Duration: 58.4ms | Allocations: 7758)
Completed 200 OK in 63ms (Views: 51.3ms | ActiveRecord: 9.2ms | Allocations: 8471)


Started GET "/animals/new" for ::1 at 2021-08-12 16:43:55 -0700
Processing by AnimalController#new as HTML
  Rendering layout layouts/application.html.erb
  Rendering animal/new.html.erb within layouts/application
  Rendered animal/new.html.erb within layouts/application (Duration: 7.3ms | Allocations: 857)
[Webpacker] Everything's up-to-date. Nothing to do
  Rendered layout layouts/application.html.erb (Duration: 34.2ms | Allocations: 4970)
Completed 200 OK in 37ms (Views: 35.4ms | ActiveRecord: 0.0ms | Allocations: 5439)


Started POST "/animals" for ::1 at 2021-08-12 16:43:58 -0700
Processing by AnimalController#create as HTML
  Parameters: {"authenticity_token"=>"[FILTERED]", "animal"=>{"common_name"=>"a", "latin_name"=>"s", "kingdom"=>"Boss"}, "commit"=>"Add Animal"}
Completed 500 Internal Server Error in 18ms (ActiveRecord: 0.0ms | Allocations: 3131)


  
NameError (undefined local variable or method `animal_params' for #<AnimalController:0x000000000092e0>
Did you mean?  animal_path):
  
app/controllers/animal_controller.rb:15:in `create'
Started POST "/animals" for ::1 at 2021-08-12 16:44:14 -0700
Processing by AnimalController#create as HTML
  Parameters: {"authenticity_token"=>"[FILTERED]", "animal"=>{"common_name"=>"a", "latin_name"=>"s", "kingdom"=>"Boss"}, "commit"=>"Add Animal"}
Completed 500 Internal Server Error in 10ms (ActiveRecord: 0.0ms | Allocations: 3505)


  
NameError (undefined local variable or method `animal_params' for #<AnimalController:0x0000000000a370>
Did you mean?  animal_path):
  
app/controllers/animal_controller.rb:15:in `create'
Started GET "/animals" for ::1 at 2021-08-12 16:44:25 -0700
Processing by AnimalController#index as HTML
  Rendering layout layouts/application.html.erb
  Rendering animal/index.html.erb within layouts/application
  [1m[36mAnimal Load (2.1ms)[0m  [1m[34mSELECT "animals".* FROM "animals"[0m
  ↳ app/views/animal/index.html.erb:4
  Rendered animal/index.html.erb within layouts/application (Duration: 27.6ms | Allocations: 4258)
[Webpacker] Everything's up-to-date. Nothing to do
  Rendered layout layouts/application.html.erb (Duration: 44.6ms | Allocations: 7735)
Completed 200 OK in 48ms (Views: 33.7ms | ActiveRecord: 13.1ms | Allocations: 8438)


Started GET "/animals/new" for ::1 at 2021-08-12 16:44:26 -0700
Processing by AnimalController#new as HTML
  Rendering layout layouts/application.html.erb
  Rendering animal/new.html.erb within layouts/application
  Rendered animal/new.html.erb within layouts/application (Duration: 3.2ms | Allocations: 857)
[Webpacker] Everything's up-to-date. Nothing to do
  Rendered layout layouts/application.html.erb (Duration: 21.7ms | Allocations: 4259)
Completed 200 OK in 23ms (Views: 22.5ms | ActiveRecord: 0.0ms | Allocations: 4730)


Started POST "/animals" for ::1 at 2021-08-12 16:44:29 -0700
Processing by AnimalController#create as HTML
  Parameters: {"authenticity_token"=>"[FILTERED]", "animal"=>{"common_name"=>"a", "latin_name"=>"s", "kingdom"=>"Boss"}, "commit"=>"Add Animal"}
Completed 500 Internal Server Error in 20ms (ActiveRecord: 0.0ms | Allocations: 3124)


  
NameError (undefined local variable or method `animal_params' for #<AnimalController:0x0000000000a7a8>
Did you mean?  animal_path):
  
app/controllers/animal_controller.rb:15:in `create'
Started GET "/animals/2" for ::1 at 2021-08-12 16:48:26 -0700
Processing by AnimalController#show as HTML
  Parameters: {"id"=>"2"}
  [1m[36mAnimal Load (1.1ms)[0m  [1m[34mSELECT "animals".* FROM "animals" WHERE "animals"."id" = $1 LIMIT $2[0m  [["id", 2], ["LIMIT", 1]]
  ↳ app/controllers/animal_controller.rb:7:in `show'
  Rendering layout layouts/application.html.erb
  Rendering animal/show.html.erb within layouts/application
  Rendered animal/show.html.erb within layouts/application (Duration: 10.3ms | Allocations: 4202)
  Rendered layout layouts/application.html.erb (Duration: 10.7ms | Allocations: 4271)
Completed 500 Internal Server Error in 71ms (ActiveRecord: 36.6ms | Allocations: 10510)


  
ActionView::Template::Error (undefined local variable or method `amimals_path' for #<ActionView::Base:0x0000000000b9c8>
Did you mean?  animals_path
               animal_path):
    5: <h4>Its kingdom <%= @animal.kingdom %></h4>
    6: 
    7: 
    8: <h4><%= link_to 'Back Home', amimals_path %></h4>
  
app/views/animal/show.html.erb:8
